12:44:37.463 [info]     :alarm_handler: {:set, {{:disk_almost_full, '/snap/core20/2434'}, []}}
12:44:37.493 [info]     :alarm_handler: {:set, {{:disk_almost_full, '/snap/ngrok/226'}, []}}
12:44:37.493 [info]     :alarm_handler: {:set, {{:disk_almost_full, '/snap/core18/2846'}, []}}
12:44:37.493 [info]     :alarm_handler: {:set, {{:disk_almost_full, '/snap/ngrok/214'}, []}}
12:44:37.493 [info]     :alarm_handler: {:set, {{:disk_almost_full, '/snap/snapd/21759'}, []}}
12:44:37.493 [info]     :alarm_handler: {:set, {{:disk_almost_full, '/snap/snapd/23258'}, []}}
12:44:38.027 [info] Running NoshNetworkWeb.Endpoint with cowboy 2.10.0 at 127.0.0.1:4000 (http)
12:44:38.032 [info] Access NoshNetworkWeb.Endpoint at http://localhost:4000
12:44:39.289 [info] CONNECTED TO Phoenix.LiveView.Socket in 155µs
  Transport: :websocket
  Serializer: Phoenix.Socket.V2.JSONSerializer
  Parameters: %{"_csrf_token" => "NQMnHCcUEAh5LTYKI0k6LictKAgbREENddokADjjKhWog1cdJDQWSp8a", "_live_referer" => "undefined", "_mounts" => "2", "_track_static" => %{"0" => "http://localhost:4000/assets/app.css", "1" => "http://localhost:4000/assets/app.js"}, "vsn" => "2.0.0"}
12:44:43.926 request_id=GAy8YZS6GgpVb8YAAAFC [info] GET /auth/reset_password
12:44:43.953 request_id=GAy8YZS6GgpVb8YAAAFC [info] GET request to /auth/reset_password by User: anonymous at 2024-11-30 11:44:43.947717Z
12:44:43.960 request_id=GAy8YZS6GgpVb8YAAAFC [info] User agent: "Mozilla/5.0 (Windows NT 10.0; Win64; x64) AppleWebKit/537.36 (KHTML, like Gecko) Chrome/131.0.0.0 Safari/537.36"
12:44:43.982 request_id=GAy8YZS6GgpVb8YAAAFC [info] GET request to /auth/reset_password by User: anonymous at 2024-11-30 11:44:43.947717Z was successful.
Status: 200

12:44:43.982 request_id=GAy8YZS6GgpVb8YAAAFC [info] Sent 200 in 56ms
12:44:45.459 [info] CONNECTED TO Phoenix.LiveView.Socket in 131µs
  Transport: :websocket
  Serializer: Phoenix.Socket.V2.JSONSerializer
  Parameters: %{"_csrf_token" => "PVV5QV4eMwtRHBs3AE4LHgsTLRQYREsHl2168NIicYzRD6RTfzTKPp2k", "_live_referer" => "undefined", "_mounts" => "0", "_track_static" => %{"0" => "http://localhost:4000/assets/app.css", "1" => "http://localhost:4000/assets/app.js"}, "vsn" => "2.0.0"}
12:44:45.771 request_id=GAy8YgLbgBYpkEEAAAFi [info] GET /auth/reset_password
12:44:45.771 request_id=GAy8YgLbgBYpkEEAAAFi [info] GET request to /auth/reset_password by User: anonymous at 2024-11-30 11:44:45.771820Z
12:44:45.774 request_id=GAy8YgLbgBYpkEEAAAFi [info] User agent: "Mozilla/5.0 (Windows NT 10.0; Win64; x64) AppleWebKit/537.36 (KHTML, like Gecko) Chrome/131.0.0.0 Safari/537.36"
12:44:45.800 request_id=GAy8YgLbgBYpkEEAAAFi [info] GET request to /auth/reset_password by User: anonymous at 2024-11-30 11:44:45.771820Z was successful.
Status: 200

12:44:45.800 request_id=GAy8YgLbgBYpkEEAAAFi [info] Sent 200 in 28ms
12:44:49.865 request_id=GAy8YvbjfpBsscoAAAhH [info] GET /dev/mailbox
12:44:49.866 request_id=GAy8YvbjfpBsscoAAAhH [info] GET request to /dev/mailbox by User: anonymous at 2024-11-30 11:44:49.865974Z
12:44:49.871 request_id=GAy8YvbjfpBsscoAAAhH [info] User agent: "Mozilla/5.0 (Windows NT 10.0; Win64; x64) AppleWebKit/537.36 (KHTML, like Gecko) Chrome/131.0.0.0 Safari/537.36"
12:44:49.882 request_id=GAy8YvbjfpBsscoAAAhH [info] GET request to /dev/mailbox by User: anonymous at 2024-11-30 11:44:49.865974Z was successful.
Status: 200

12:44:49.882 request_id=GAy8YvbjfpBsscoAAAhH [info] Sent 200 in 17ms
12:44:50.230 [info] CONNECTED TO Phoenix.LiveView.Socket in 198µs
  Transport: :websocket
  Serializer: Phoenix.Socket.V2.JSONSerializer
  Parameters: %{"_csrf_token" => "HCohGB4KPlRHDC0UfD0wEFkMAD4jQhwoMMioxZD6uILq8EiZ4eyakveD", "_live_referer" => "undefined", "_mounts" => "0", "_track_static" => %{"0" => "http://localhost:4000/assets/app.css", "1" => "http://localhost:4000/assets/app.js"}, "vsn" => "2.0.0"}
12:45:01.709 [info] TLS :client: In state :wait_cert_cr at ssl_handshake.erl:2113 generated CLIENT ALERT: Fatal - Handshake Failure
 - {:bad_cert, :hostname_check_failed}
12:45:01.731 [warning] Ignoring https://fonts.googleapis.com/css2?family=IBM+Plex+Sans:wght@100;200;300;400;500;600;700&display=swap styles because of unexpected error from Premailex.HTTPAdapter.Httpc:

{:failed_connect, [{:to_address, {'fonts.googleapis.com', 443}}, {:inet, [:inet], {:tls_alert, {:handshake_failure, 'TLS client: In state wait_cert_cr at ssl_handshake.erl:2113 generated CLIENT ALERT: Fatal - Handshake Failure\n {bad_cert,hostname_check_failed}'}}}]}
12:45:01.993 request_id=GAy8ZcnF1OWcunAAAAHi [info] GET /
12:45:01.994 request_id=GAy8ZcnF1OWcunAAAAHi [info] GET request to / by User: anonymous at 2024-11-30 11:45:01.994185Z
12:45:02.001 request_id=GAy8ZcnF1OWcunAAAAHi [info] User agent: "Mozilla/5.0 (Windows NT 10.0; Win64; x64) AppleWebKit/537.36 (KHTML, like Gecko) Chrome/131.0.0.0 Safari/537.36"
12:45:02.006 request_id=GAy8ZcnF1OWcunAAAAHi [info] GET request to / by User: anonymous at 2024-11-30 11:45:01.994185Z was successful.
Status: 200

12:45:02.006 request_id=GAy8ZcnF1OWcunAAAAHi [info] Sent 200 in 13ms
12:45:03.605 [info] CONNECTED TO Phoenix.LiveView.Socket in 70µs
  Transport: :websocket
  Serializer: Phoenix.Socket.V2.JSONSerializer
  Parameters: %{"_csrf_token" => "NhA_PjdoQy8ANA8LBx0TcwAAAWgsQBgtgwwIQ89M2qnnCeJ9mix7dtaA", "_live_referer" => "undefined", "_mounts" => "0", "_track_static" => %{"0" => "http://localhost:4000/assets/app.css", "1" => "http://localhost:4000/assets/app.js"}, "vsn" => "2.0.0"}
12:45:05.658 request_id=GAy8ZqQzd6ZxBNAAAAIi [info] GET /dev/mailbox
12:45:05.658 request_id=GAy8ZqQzd6ZxBNAAAAIi [info] GET request to /dev/mailbox by User: anonymous at 2024-11-30 11:45:05.658537Z
12:45:05.663 request_id=GAy8ZqQzd6ZxBNAAAAIi [info] User agent: "Mozilla/5.0 (Windows NT 10.0; Win64; x64) AppleWebKit/537.36 (KHTML, like Gecko) Chrome/131.0.0.0 Safari/537.36"
12:45:05.663 request_id=GAy8ZqQzd6ZxBNAAAAIi [info] GET request to /dev/mailbox by User: anonymous at 2024-11-30 11:45:05.658537Z was successful.
Status: 200

12:45:05.663 request_id=GAy8ZqQzd6ZxBNAAAAIi [info] Sent 200 in 5ms
12:45:07.839 request_id=GAy8ZyYt7rpFwbwAAAZm [info] GET /dev/mailbox/122def7bbf1190519ee47f8040df5fd5
12:45:07.839 request_id=GAy8ZyYt7rpFwbwAAAZm [info] GET request to /dev/mailbox/122def7bbf1190519ee47f8040df5fd5 by User: anonymous at 2024-11-30 11:45:07.839361Z
12:45:07.843 request_id=GAy8ZyYt7rpFwbwAAAZm [info] User agent: "Mozilla/5.0 (Windows NT 10.0; Win64; x64) AppleWebKit/537.36 (KHTML, like Gecko) Chrome/131.0.0.0 Safari/537.36"
12:45:07.848 request_id=GAy8ZyYt7rpFwbwAAAZm [info] GET request to /dev/mailbox/122def7bbf1190519ee47f8040df5fd5 by User: anonymous at 2024-11-30 11:45:07.839361Z was successful.
Status: 200

12:45:07.849 request_id=GAy8ZyYt7rpFwbwAAAZm [info] Sent 200 in 10ms
12:45:08.656 request_id=GAy8Z1bn7huM4gwAAAJC [info] GET /dev/mailbox/122def7bbf1190519ee47f8040df5fd5/html
12:45:08.656 request_id=GAy8Z1bn7huM4gwAAAJC [info] GET request to /dev/mailbox/122def7bbf1190519ee47f8040df5fd5/html by User: anonymous at 2024-11-30 11:45:08.656824Z
12:45:08.660 request_id=GAy8Z1bn7huM4gwAAAJC [info] User agent: "Mozilla/5.0 (Windows NT 10.0; Win64; x64) AppleWebKit/537.36 (KHTML, like Gecko) Chrome/131.0.0.0 Safari/537.36"
12:45:08.661 request_id=GAy8Z1bn7huM4gwAAAJC [info] GET request to /dev/mailbox/122def7bbf1190519ee47f8040df5fd5/html by User: anonymous at 2024-11-30 11:45:08.656824Z was successful.
Status: 200

12:45:08.661 request_id=GAy8Z1bn7huM4gwAAAJC [info] Sent 200 in 4ms
12:45:13.104 request_id=GAy8aGADF8OCtqYAAASo [info] GET /dev/mailbox/122def7bbf1190519ee47f8040df5fd5/html
12:45:13.104 request_id=GAy8aGADF8OCtqYAAASo [info] GET request to /dev/mailbox/122def7bbf1190519ee47f8040df5fd5/html by User: anonymous at 2024-11-30 11:45:13.104576Z
12:45:13.110 request_id=GAy8aGADF8OCtqYAAASo [info] User agent: "Mozilla/5.0 (Windows NT 10.0; Win64; x64) AppleWebKit/537.36 (KHTML, like Gecko) Chrome/131.0.0.0 Safari/537.36"
12:45:13.111 request_id=GAy8aGADF8OCtqYAAASo [info] GET request to /dev/mailbox/122def7bbf1190519ee47f8040df5fd5/html by User: anonymous at 2024-11-30 11:45:13.104576Z was successful.
Status: 200

12:45:13.111 request_id=GAy8aGADF8OCtqYAAASo [info] Sent 200 in 7ms
12:45:49.333 request_id=GAy8cM93CfMODHgAAAJi [info] GET /dev/mailbox/122def7bbf1190519ee47f8040df5fd5
12:45:49.334 request_id=GAy8cM93CfMODHgAAAJi [info] GET request to /dev/mailbox/122def7bbf1190519ee47f8040df5fd5 by User: anonymous at 2024-11-30 11:45:49.334226Z
12:45:49.338 request_id=GAy8cM93CfMODHgAAAJi [info] User agent: "Mozilla/5.0 (Windows NT 10.0; Win64; x64) AppleWebKit/537.36 (KHTML, like Gecko) Chrome/131.0.0.0 Safari/537.36"
12:45:49.339 request_id=GAy8cM93CfMODHgAAAJi [info] GET request to /dev/mailbox/122def7bbf1190519ee47f8040df5fd5 by User: anonymous at 2024-11-30 11:45:49.334226Z was successful.
Status: 200

12:45:49.339 request_id=GAy8cM93CfMODHgAAAJi [info] Sent 200 in 6ms
12:45:50.299 request_id=GAy8cQkISprKtjsAAAbF [info] GET /dev/mailbox/122def7bbf1190519ee47f8040df5fd5/html
12:45:50.300 request_id=GAy8cQkISprKtjsAAAbF [info] GET request to /dev/mailbox/122def7bbf1190519ee47f8040df5fd5/html by User: anonymous at 2024-11-30 11:45:50.300101Z
12:45:50.305 request_id=GAy8cQkISprKtjsAAAbF [info] User agent: "Mozilla/5.0 (Windows NT 10.0; Win64; x64) AppleWebKit/537.36 (KHTML, like Gecko) Chrome/131.0.0.0 Safari/537.36"
12:45:50.318 request_id=GAy8cQkISprKtjsAAAbF [info] GET request to /dev/mailbox/122def7bbf1190519ee47f8040df5fd5/html by User: anonymous at 2024-11-30 11:45:50.300101Z was successful.
Status: 200

12:45:50.318 request_id=GAy8cQkISprKtjsAAAbF [info] Sent 200 in 18ms
12:45:54.392 request_id=GAy8cfz2tY8WMdkAAAiD [info] GET /auth/signup
12:45:54.392 request_id=GAy8cfz2tY8WMdkAAAiD [info] GET request to /auth/signup by User: anonymous at 2024-11-30 11:45:54.392540Z
12:45:54.399 request_id=GAy8cfz2tY8WMdkAAAiD [info] User agent: "Mozilla/5.0 (Windows NT 10.0; Win64; x64) AppleWebKit/537.36 (KHTML, like Gecko) Chrome/131.0.0.0 Safari/537.36"
12:45:54.411 request_id=GAy8cfz2tY8WMdkAAAiD [info] GET request to /auth/signup by User: anonymous at 2024-11-30 11:45:54.392540Z was successful.
Status: 200

12:45:54.411 request_id=GAy8cfz2tY8WMdkAAAiD [info] Sent 200 in 19ms
12:45:55.786 [info] CONNECTED TO Phoenix.LiveView.Socket in 114µs
  Transport: :websocket
  Serializer: Phoenix.Socket.V2.JSONSerializer
  Parameters: %{"_csrf_token" => "ZxQQDwc6SwZhLyorJixhBhgbEG4eXBYD6sXxaj1dSjKNbT8Luri1Vhoo", "_live_referer" => "undefined", "_mounts" => "0", "_track_static" => %{"0" => "http://localhost:4000/assets/app.css", "1" => "http://localhost:4000/assets/app.js"}, "vsn" => "2.0.0"}
12:50:51.343 request_id=GAy8tz712W8hu58AAAcG [info] GET /dev/mailbox/122def7bbf1190519ee47f8040df5fd5
12:50:51.343 request_id=GAy8tz712W8hu58AAAcG [info] GET request to /dev/mailbox/122def7bbf1190519ee47f8040df5fd5 by User: anonymous at 2024-11-30 11:50:51.343755Z
12:50:51.344 request_id=GAy8tz712W8hu58AAAcG [info] User agent: "Mozilla/5.0 (Windows NT 10.0; Win64; x64) AppleWebKit/537.36 (KHTML, like Gecko) Chrome/131.0.0.0 Safari/537.36"
12:50:51.345 request_id=GAy8tz712W8hu58AAAcG [info] GET request to /dev/mailbox/122def7bbf1190519ee47f8040df5fd5 by User: anonymous at 2024-11-30 11:50:51.343755Z was successful.
Status: 200

12:50:51.345 request_id=GAy8tz712W8hu58AAAcG [info] Sent 200 in 1ms
12:50:51.363 request_id=GAy8t0ArjpWufrkAAAbl [info] GET /auth/log_in
12:50:51.364 request_id=GAy8t0ArjpWufrkAAAbl [info] GET request to /auth/log_in by User: anonymous at 2024-11-30 11:50:51.364033Z
12:50:51.364 request_id=GAy8t0ArjpWufrkAAAbl [info] User agent: "Mozilla/5.0 (Windows NT 10.0; Win64; x64) AppleWebKit/537.36 (KHTML, like Gecko) Chrome/131.0.0.0 Safari/537.36"
12:50:51.417 request_id=GAy8t0ArjpWufrkAAAbl [info] GET request to /auth/log_in by User: anonymous at 2024-11-30 11:50:51.364033Z was successful.
Status: 200

12:50:51.418 request_id=GAy8t0ArjpWufrkAAAbl [info] Sent 200 in 54ms
12:50:55.986 request_id=GAy8uFOyqs7NmNkAAALC [info] GET /dev/mailbox/122def7bbf1190519ee47f8040df5fd5/html
12:50:55.986 request_id=GAy8uFOyqs7NmNkAAALC [info] GET request to /dev/mailbox/122def7bbf1190519ee47f8040df5fd5/html by User: anonymous at 2024-11-30 11:50:55.986628Z
12:50:55.993 request_id=GAy8uFOyqs7NmNkAAALC [info] User agent: "Mozilla/5.0 (Windows NT 10.0; Win64; x64) AppleWebKit/537.36 (KHTML, like Gecko) Chrome/131.0.0.0 Safari/537.36"
12:50:55.995 request_id=GAy8uFOyqs7NmNkAAALC [info] GET request to /dev/mailbox/122def7bbf1190519ee47f8040df5fd5/html by User: anonymous at 2024-11-30 11:50:55.986628Z was successful.
Status: 200

12:50:55.995 request_id=GAy8uFOyqs7NmNkAAALC [info] Sent 200 in 9ms
12:50:56.266 [info] CONNECTED TO Phoenix.LiveView.Socket in 155µs
  Transport: :websocket
  Serializer: Phoenix.Socket.V2.JSONSerializer
  Parameters: %{"_csrf_token" => "CCE_MiEcDFBCEwkMcxw8DlldCSccUDVUYFwEGLv2pVhi7deD44pxTdL8", "_live_referer" => "undefined", "_mounts" => "0", "_track_static" => %{"0" => "http://localhost:4000/assets/app.css", "1" => "http://localhost:4000/assets/app.js"}, "vsn" => "2.0.0"}
12:53:07.179 request_id=GAy81sEQfDXRHl0AAAqE [info] GET /dev/mailbox/122def7bbf1190519ee47f8040df5fd5
12:53:07.181 request_id=GAy81sEQfDXRHl0AAAqE [info] GET request to /dev/mailbox/122def7bbf1190519ee47f8040df5fd5 by User: anonymous at 2024-11-30 11:53:07.180885Z
12:53:07.182 request_id=GAy81sEQfDXRHl0AAAqE [info] User agent: "Mozilla/5.0 (Windows NT 10.0; Win64; x64) AppleWebKit/537.36 (KHTML, like Gecko) Chrome/131.0.0.0 Safari/537.36"
12:53:07.183 request_id=GAy81sEQfDXRHl0AAAqE [info] GET request to /dev/mailbox/122def7bbf1190519ee47f8040df5fd5 by User: anonymous at 2024-11-30 11:53:07.180885Z was successful.
Status: 200

12:53:07.183 request_id=GAy81sEQfDXRHl0AAAqE [info] Sent 200 in 4ms
12:53:07.430 request_id=GAy81tAKpyt-bm0AAAeB [info] GET /auth/log_in
12:53:07.430 request_id=GAy81tAKpyt-bm0AAAeB [info] GET request to /auth/log_in by User: anonymous at 2024-11-30 11:53:07.430573Z
12:53:07.435 request_id=GAy81tAKpyt-bm0AAAeB [info] User agent: "Mozilla/5.0 (Windows NT 10.0; Win64; x64) AppleWebKit/537.36 (KHTML, like Gecko) Chrome/131.0.0.0 Safari/537.36"
12:53:07.455 request_id=GAy81tAKpyt-bm0AAAeB [info] GET request to /auth/log_in by User: anonymous at 2024-11-30 11:53:07.430573Z was successful.
Status: 200

12:53:07.455 request_id=GAy81tAKpyt-bm0AAAeB [info] Sent 200 in 25ms
12:53:10.081 request_id=GAy8124MhZeQsSkAAAqk [info] GET /dev/mailbox/122def7bbf1190519ee47f8040df5fd5/html
12:53:10.081 request_id=GAy8124MhZeQsSkAAAqk [info] GET request to /dev/mailbox/122def7bbf1190519ee47f8040df5fd5/html by User: anonymous at 2024-11-30 11:53:10.081453Z
12:53:10.086 request_id=GAy8124MhZeQsSkAAAqk [info] User agent: "Mozilla/5.0 (Windows NT 10.0; Win64; x64) AppleWebKit/537.36 (KHTML, like Gecko) Chrome/131.0.0.0 Safari/537.36"
12:53:10.087 request_id=GAy8124MhZeQsSkAAAqk [info] GET request to /dev/mailbox/122def7bbf1190519ee47f8040df5fd5/html by User: anonymous at 2024-11-30 11:53:10.081453Z was successful.
Status: 200

12:53:10.087 request_id=GAy8124MhZeQsSkAAAqk [info] Sent 200 in 6ms
12:53:10.409 [info] CONNECTED TO Phoenix.LiveView.Socket in 115µs
  Transport: :websocket
  Serializer: Phoenix.Socket.V2.JSONSerializer
  Parameters: %{"_csrf_token" => "Ag0SGlEHDVJBGjQGMR9oACBcS2g8RTIoSjZm7Ww0s_Ucug1JM527tqKD", "_live_referer" => "undefined", "_mounts" => "0", "_track_static" => %{"0" => "http://localhost:4000/assets/app.css", "1" => "http://localhost:4000/assets/app.js"}, "vsn" => "2.0.0"}
12:53:14.290 request_id=GAy82GjxuthUTbgAAAfB [info] GET /auth/log_in
12:53:14.290 request_id=GAy82GjxuthUTbgAAAfB [info] GET request to /auth/log_in by User: anonymous at 2024-11-30 11:53:14.290754Z
12:53:14.291 request_id=GAy82GjxuthUTbgAAAfB [info] User agent: "Mozilla/5.0 (Windows NT 10.0; Win64; x64) AppleWebKit/537.36 (KHTML, like Gecko) Chrome/131.0.0.0 Safari/537.36"
12:53:14.303 request_id=GAy82GjxuthUTbgAAAfB [info] GET request to /auth/log_in by User: anonymous at 2024-11-30 11:53:14.290754Z was successful.
Status: 200

12:53:14.303 request_id=GAy82GjxuthUTbgAAAfB [info] Sent 200 in 12ms
12:53:16.613 [info] CONNECTED TO Phoenix.LiveView.Socket in 108µs
  Transport: :websocket
  Serializer: Phoenix.Socket.V2.JSONSerializer
  Parameters: %{"_csrf_token" => "HwV5Mwc3IBJWHFkHLAwqfy8GAD0gYU0dNb1DagZpdY8bhts5BoybhU4q", "_live_referer" => "undefined", "_mounts" => "0", "_track_static" => %{"0" => "http://localhost:4000/assets/app.css", "1" => "http://localhost:4000/assets/app.js"}, "vsn" => "2.0.0"}
12:53:24.586 request_id=GAy82s6nZBeKPSQAAAvk [info] GET /auth/reset_password
12:53:24.587 request_id=GAy82s6nZBeKPSQAAAvk [info] GET request to /auth/reset_password by User: anonymous at 2024-11-30 11:53:24.587747Z
12:53:24.592 request_id=GAy82s6nZBeKPSQAAAvk [info] User agent: "Mozilla/5.0 (Windows NT 10.0; Win64; x64) AppleWebKit/537.36 (KHTML, like Gecko) Chrome/131.0.0.0 Safari/537.36"
12:53:24.602 request_id=GAy82s6nZBeKPSQAAAvk [info] GET request to /auth/reset_password by User: anonymous at 2024-11-30 11:53:24.587747Z was successful.
Status: 200

12:53:24.602 request_id=GAy82s6nZBeKPSQAAAvk [info] Sent 200 in 15ms
12:53:26.116 [info] CONNECTED TO Phoenix.LiveView.Socket in 203µs
  Transport: :websocket
  Serializer: Phoenix.Socket.V2.JSONSerializer
  Parameters: %{"_csrf_token" => "PS57TgEzHT18EgMVIBxoJ1kfMRcEax5flI39gcg_NWbpdd1m4vHHL_g3", "_live_referer" => "undefined", "_mounts" => "0", "_track_static" => %{"0" => "http://localhost:4000/assets/app.css", "1" => "http://localhost:4000/assets/app.js"}, "vsn" => "2.0.0"}
12:53:38.230 [info] TLS :client: In state :wait_cert_cr at ssl_handshake.erl:2113 generated CLIENT ALERT: Fatal - Handshake Failure
 - {:bad_cert, :hostname_check_failed}
12:53:38.231 [warning] Ignoring https://fonts.googleapis.com/css2?family=IBM+Plex+Sans:wght@100;200;300;400;500;600;700&display=swap styles because of unexpected error from Premailex.HTTPAdapter.Httpc:

{:failed_connect, [{:to_address, {'fonts.googleapis.com', 443}}, {:inet, [:inet], {:tls_alert, {:handshake_failure, 'TLS client: In state wait_cert_cr at ssl_handshake.erl:2113 generated CLIENT ALERT: Fatal - Handshake Failure\n {bad_cert,hostname_check_failed}'}}}]}
12:53:38.475 request_id=GAy83gp-XthKm-UAAAxE [info] GET /
12:53:38.475 request_id=GAy83gp-XthKm-UAAAxE [info] GET request to / by User: anonymous at 2024-11-30 11:53:38.475927Z
12:53:38.476 request_id=GAy83gp-XthKm-UAAAxE [info] User agent: "Mozilla/5.0 (Windows NT 10.0; Win64; x64) AppleWebKit/537.36 (KHTML, like Gecko) Chrome/131.0.0.0 Safari/537.36"
12:53:38.481 request_id=GAy83gp-XthKm-UAAAxE [info] GET request to / by User: anonymous at 2024-11-30 11:53:38.475927Z was successful.
Status: 200

12:53:38.482 request_id=GAy83gp-XthKm-UAAAxE [info] Sent 200 in 6ms
12:53:39.785 [info] CONNECTED TO Phoenix.LiveView.Socket in 171µs
  Transport: :websocket
  Serializer: Phoenix.Socket.V2.JSONSerializer
  Parameters: %{"_csrf_token" => "OiUXIygzNFFUHQU6MhwIGAIhKhY5ehc_kB_TNcN3fXd_vdQRoHSIqNnS", "_live_referer" => "undefined", "_mounts" => "0", "_track_static" => %{"0" => "http://localhost:4000/assets/app.css", "1" => "http://localhost:4000/assets/app.js"}, "vsn" => "2.0.0"}
12:53:48.531 request_id=GAy84GHbTlur6G0AAAVi [info] GET /dev/mailbox/122def7bbf1190519ee47f8040df5fd5
12:53:48.531 request_id=GAy84GHbTlur6G0AAAVi [info] GET request to /dev/mailbox/122def7bbf1190519ee47f8040df5fd5 by User: anonymous at 2024-11-30 11:53:48.531657Z
12:53:48.536 request_id=GAy84GHbTlur6G0AAAVi [info] User agent: "Mozilla/5.0 (Windows NT 10.0; Win64; x64) AppleWebKit/537.36 (KHTML, like Gecko) Chrome/131.0.0.0 Safari/537.36"
12:53:48.538 request_id=GAy84GHbTlur6G0AAAVi [info] GET request to /dev/mailbox/122def7bbf1190519ee47f8040df5fd5 by User: anonymous at 2024-11-30 11:53:48.531657Z was successful.
Status: 200

12:53:48.538 request_id=GAy84GHbTlur6G0AAAVi [info] Sent 200 in 7ms
12:53:49.677 request_id=GAy84KYviZmA-QMAAAdl [info] GET /dev/mailbox/122def7bbf1190519ee47f8040df5fd5/html
12:53:49.678 request_id=GAy84KYviZmA-QMAAAdl [info] GET request to /dev/mailbox/122def7bbf1190519ee47f8040df5fd5/html by User: anonymous at 2024-11-30 11:53:49.678012Z
12:53:49.684 request_id=GAy84KYviZmA-QMAAAdl [info] User agent: "Mozilla/5.0 (Windows NT 10.0; Win64; x64) AppleWebKit/537.36 (KHTML, like Gecko) Chrome/131.0.0.0 Safari/537.36"
12:53:49.684 request_id=GAy84KYviZmA-QMAAAdl [info] GET request to /dev/mailbox/122def7bbf1190519ee47f8040df5fd5/html by User: anonymous at 2024-11-30 11:53:49.678012Z was successful.
Status: 200

12:53:49.684 request_id=GAy84KYviZmA-QMAAAdl [info] Sent 200 in 6ms
12:53:51.045 request_id=GAy84Pe611HF00oAAAyk [info] GET /dev/mailbox/6fb2d2afd8fe865972af6181a880c740
12:53:51.046 request_id=GAy84Pe611HF00oAAAyk [info] GET request to /dev/mailbox/6fb2d2afd8fe865972af6181a880c740 by User: anonymous at 2024-11-30 11:53:51.046179Z
12:53:51.050 request_id=GAy84Pe611HF00oAAAyk [info] User agent: "Mozilla/5.0 (Windows NT 10.0; Win64; x64) AppleWebKit/537.36 (KHTML, like Gecko) Chrome/131.0.0.0 Safari/537.36"
12:53:51.050 request_id=GAy84Pe611HF00oAAAyk [info] GET request to /dev/mailbox/6fb2d2afd8fe865972af6181a880c740 by User: anonymous at 2024-11-30 11:53:51.046179Z was successful.
Status: 200

12:53:51.050 request_id=GAy84Pe611HF00oAAAyk [info] Sent 200 in 5ms
12:53:51.876 request_id=GAy84SlBGDsx_6YAAAWi [info] GET /dev/mailbox/6fb2d2afd8fe865972af6181a880c740/html
12:53:51.877 request_id=GAy84SlBGDsx_6YAAAWi [info] GET request to /dev/mailbox/6fb2d2afd8fe865972af6181a880c740/html by User: anonymous at 2024-11-30 11:53:51.877010Z
12:53:51.881 request_id=GAy84SlBGDsx_6YAAAWi [info] User agent: "Mozilla/5.0 (Windows NT 10.0; Win64; x64) AppleWebKit/537.36 (KHTML, like Gecko) Chrome/131.0.0.0 Safari/537.36"
12:53:51.881 request_id=GAy84SlBGDsx_6YAAAWi [info] GET request to /dev/mailbox/6fb2d2afd8fe865972af6181a880c740/html by User: anonymous at 2024-11-30 11:53:51.877010Z was successful.
Status: 200

12:53:51.881 request_id=GAy84SlBGDsx_6YAAAWi [info] Sent 200 in 5ms
13:01:04.500 request_id=GAy9ReOr_xOkD4sAAAhB [info] GET /auth/reset_password/02ebfd4e-57ab-44ab-99af-5ede2b13d1a5
13:01:04.501 request_id=GAy9ReOr_xOkD4sAAAhB [info] GET request to /auth/reset_password/02ebfd4e-57ab-44ab-99af-5ede2b13d1a5 by User: anonymous at 2024-11-30 12:01:04.501428Z
13:01:04.507 request_id=GAy9ReOr_xOkD4sAAAhB [info] User agent: "Mozilla/5.0 (Windows NT 10.0; Win64; x64) AppleWebKit/537.36 (KHTML, like Gecko) Chrome/131.0.0.0 Safari/537.36"
13:01:04.581 request_id=GAy9ReOr_xOkD4sAAAhB [info] GET request to /auth/reset_password/02ebfd4e-57ab-44ab-99af-5ede2b13d1a5 by User: anonymous at 2024-11-30 12:01:04.501428Z was successful.
Status: 302

13:01:04.582 request_id=GAy9ReOr_xOkD4sAAAhB [info] Sent 302 in 81ms
13:01:04.743 request_id=GAy9RfIaFVw-cd4AAA0E [info] GET /
13:01:04.743 request_id=GAy9RfIaFVw-cd4AAA0E [info] GET request to / by User: anonymous at 2024-11-30 12:01:04.743221Z
13:01:04.752 request_id=GAy9RfIaFVw-cd4AAA0E [info] User agent: "Mozilla/5.0 (Windows NT 10.0; Win64; x64) AppleWebKit/537.36 (KHTML, like Gecko) Chrome/131.0.0.0 Safari/537.36"
13:01:04.762 request_id=GAy9RfIaFVw-cd4AAA0E [info] GET request to / by User: anonymous at 2024-11-30 12:01:04.743221Z was successful.
Status: 200

13:01:04.762 request_id=GAy9RfIaFVw-cd4AAA0E [info] Sent 200 in 19ms
13:01:07.639 [info] CONNECTED TO Phoenix.LiveView.Socket in 261µs
  Transport: :websocket
  Serializer: Phoenix.Socket.V2.JSONSerializer
  Parameters: %{"_csrf_token" => "JCI_AwoyPRFRMhEPAjZgAx4lLxMDbBwcuEwtlbGscwpjFN9IsLVLKXep", "_live_referer" => "undefined", "_mounts" => "0", "_track_static" => %{"0" => "http://localhost:4000/assets/app.css", "1" => "http://localhost:4000/assets/app.js"}, "vsn" => "2.0.0"}
13:01:48.845 request_id=GAy9UDbIVEenaeAAAA1E [info] GET /auth/reset_password/02ebfd4e-57ab-44ab-99af-5ede2b13d1a5
13:01:48.845 request_id=GAy9UDbIVEenaeAAAA1E [info] GET request to /auth/reset_password/02ebfd4e-57ab-44ab-99af-5ede2b13d1a5 by User: anonymous at 2024-11-30 12:01:48.845383Z
13:01:48.851 request_id=GAy9UDbIVEenaeAAAA1E [info] User agent: "Mozilla/5.0 (Windows NT 10.0; Win64; x64) AppleWebKit/537.36 (KHTML, like Gecko) Chrome/131.0.0.0 Safari/537.36"
13:01:48.858 request_id=GAy9UDbIVEenaeAAAA1E [info] GET request to /auth/reset_password/02ebfd4e-57ab-44ab-99af-5ede2b13d1a5 by User: anonymous at 2024-11-30 12:01:48.845383Z was successful.
Status: 302

13:01:48.858 request_id=GAy9UDbIVEenaeAAAA1E [info] Sent 302 in 13ms
13:01:49.026 request_id=GAy9UEGVz_EJlUgAAAmj [info] GET /
13:01:49.026 request_id=GAy9UEGVz_EJlUgAAAmj [info] GET request to / by User: anonymous at 2024-11-30 12:01:49.026412Z
13:01:49.032 request_id=GAy9UEGVz_EJlUgAAAmj [info] User agent: "Mozilla/5.0 (Windows NT 10.0; Win64; x64) AppleWebKit/537.36 (KHTML, like Gecko) Chrome/131.0.0.0 Safari/537.36"
13:01:49.038 request_id=GAy9UEGVz_EJlUgAAAmj [info] GET request to / by User: anonymous at 2024-11-30 12:01:49.026412Z was successful.
Status: 200

13:01:49.038 request_id=GAy9UEGVz_EJlUgAAAmj [info] Sent 200 in 12ms
13:01:50.629 [info] CONNECTED TO Phoenix.LiveView.Socket in 201µs
  Transport: :websocket
  Serializer: Phoenix.Socket.V2.JSONSerializer
  Parameters: %{"_csrf_token" => "YFExMwgxCQhmJgw_DkoXHFleCzcvDRQl16yDnasjTcmZJ2NV47rhg9mI", "_live_referer" => "undefined", "_mounts" => "0", "_track_static" => %{"0" => "http://localhost:4000/assets/app.css", "1" => "http://localhost:4000/assets/app.js"}, "vsn" => "2.0.0"}
13:02:00.819 [error] Task #PID<0.925.0> started from NoshNetworkWeb.Endpoint terminating
** (RuntimeError) Couldn't fetch https://github.com/tailwindlabs/tailwindcss/releases/download/v3.3.2/tailwindcss-linux-x64: {true, {:error, {:failed_connect, [{:to_address, {'objects.githubusercontent.com', 443}}, {:inet, [:inet], :closed}]}}}

This typically means we cannot reach the source or you are behind a proxy.
You can try again later and, if that does not work, you might:

  1. If behind a proxy, ensure your proxy is configured and that
     your certificates are set via the cacerts_path configuration

  2. Manually download the executable from the URL above and
     place it inside "_build/tailwind-linux-x64"

  3. Install and use Tailwind from npmJS. See our module documentation
     to learn more: https://hexdocs.pm/tailwind

    (tailwind 0.2.4) lib/tailwind.ex:315: Tailwind.fetch_body!/2
    (tailwind 0.2.4) lib/tailwind.ex:230: Tailwind.install/1
    (tailwind 0.2.4) lib/tailwind.ex:211: Tailwind.install_and_run/2
    (phoenix 1.7.11) lib/phoenix/endpoint/watcher.ex:19: Phoenix.Endpoint.Watcher.watch/2
    (elixir 1.14.4) lib/task/supervised.ex:89: Task.Supervised.invoke_mfa/2
    (stdlib 4.3) proc_lib.erl:240: :proc_lib.init_p_do_apply/3
Function: &Phoenix.Endpoint.Watcher.watch/2
    Args: ["tailwind", {Tailwind, :install_and_run, [:default, ["--watch"]]}]
13:02:04.312 request_id=GAy9U9C0tXDPmaEAAA2E [info] GET /auth/signup
13:02:04.312 request_id=GAy9U9C0tXDPmaEAAA2E [info] GET request to /auth/signup by User: anonymous at 2024-11-30 12:02:04.312741Z
13:02:04.319 request_id=GAy9U9C0tXDPmaEAAA2E [info] User agent: "Mozilla/5.0 (Windows NT 10.0; Win64; x64) AppleWebKit/537.36 (KHTML, like Gecko) Chrome/131.0.0.0 Safari/537.36"
13:02:04.332 request_id=GAy9U9C0tXDPmaEAAA2E [info] GET request to /auth/signup by User: anonymous at 2024-11-30 12:02:04.312741Z was successful.
Status: 200

13:02:04.332 request_id=GAy9U9C0tXDPmaEAAA2E [info] Sent 200 in 20ms
13:02:05.696 [info] CONNECTED TO Phoenix.LiveView.Socket in 107µs
  Transport: :websocket
  Serializer: Phoenix.Socket.V2.JSONSerializer
  Parameters: %{"_csrf_token" => "AQ4PD1IDEyBGFyhWAgxsGCEKPzMFYS89PiGx4SiBtRI3Ft5RLcFlMUVQ", "_live_referer" => "undefined", "_mounts" => "0", "_track_static" => %{"0" => "http://localhost:4000/assets/app.css", "1" => "http://localhost:4000/assets/app.js"}, "vsn" => "2.0.0"}
13:02:09.606 request_id=GAy9VQxEnVwVO7cAAA3E [info] GET /auth/reset_password
13:02:09.606 request_id=GAy9VQxEnVwVO7cAAA3E [info] GET request to /auth/reset_password by User: anonymous at 2024-11-30 12:02:09.606846Z
13:02:09.611 request_id=GAy9VQxEnVwVO7cAAA3E [info] User agent: "Mozilla/5.0 (Windows NT 10.0; Win64; x64) AppleWebKit/537.36 (KHTML, like Gecko) Chrome/131.0.0.0 Safari/537.36"
13:02:09.625 request_id=GAy9VQxEnVwVO7cAAA3E [info] GET request to /auth/reset_password by User: anonymous at 2024-11-30 12:02:09.606846Z was successful.
Status: 200

13:02:09.625 request_id=GAy9VQxEnVwVO7cAAA3E [info] Sent 200 in 19ms
13:02:10.987 [info] CONNECTED TO Phoenix.LiveView.Socket in 260µs
  Transport: :websocket
  Serializer: Phoenix.Socket.V2.JSONSerializer
  Parameters: %{"_csrf_token" => "FlYPIUt9KSdUKjIjdgAvGwNeEBQ7XRo4G1GV--SEfoSF2xvQn7iKsicT", "_live_referer" => "undefined", "_mounts" => "0", "_track_static" => %{"0" => "http://localhost:4000/assets/app.css", "1" => "http://localhost:4000/assets/app.js"}, "vsn" => "2.0.0"}
13:02:33.502 request_id=GAy9WpyTRvcAlccAAAcm [info] GET /dev/mailbox/6fb2d2afd8fe865972af6181a880c740
13:02:33.502 request_id=GAy9WpyTRvcAlccAAAcm [info] GET request to /dev/mailbox/6fb2d2afd8fe865972af6181a880c740 by User: anonymous at 2024-11-30 12:02:33.502693Z
13:02:33.504 request_id=GAy9WpyTRvcAlccAAAcm [info] User agent: "Mozilla/5.0 (Windows NT 10.0; Win64; x64) AppleWebKit/537.36 (KHTML, like Gecko) Chrome/131.0.0.0 Safari/537.36"
13:02:33.505 request_id=GAy9WpyTRvcAlccAAAcm [info] GET request to /dev/mailbox/6fb2d2afd8fe865972af6181a880c740 by User: anonymous at 2024-11-30 12:02:33.502693Z was successful.
Status: 200

13:02:33.505 request_id=GAy9WpyTRvcAlccAAAcm [info] Sent 200 in 3ms
13:02:33.870 [info] TLS :client: In state :wait_cert_cr at ssl_handshake.erl:2113 generated CLIENT ALERT: Fatal - Handshake Failure
 - {:bad_cert, :hostname_check_failed}
13:02:33.870 [warning] Ignoring https://fonts.googleapis.com/css2?family=IBM+Plex+Sans:wght@100;200;300;400;500;600;700&display=swap styles because of unexpected error from Premailex.HTTPAdapter.Httpc:

{:failed_connect, [{:to_address, {'fonts.googleapis.com', 443}}, {:inet, [:inet], {:tls_alert, {:handshake_failure, 'TLS client: In state wait_cert_cr at ssl_handshake.erl:2113 generated CLIENT ALERT: Fatal - Handshake Failure\n {bad_cert,hostname_check_failed}'}}}]}
13:02:33.997 request_id=GAy9WroVoQ_iTjEAAAjh [info] GET /
13:02:33.997 request_id=GAy9WroVoQ_iTjEAAAjh [info] GET request to / by User: anonymous at 2024-11-30 12:02:33.997777Z
13:02:34.001 request_id=GAy9WroVoQ_iTjEAAAjh [info] User agent: "Mozilla/5.0 (Windows NT 10.0; Win64; x64) AppleWebKit/537.36 (KHTML, like Gecko) Chrome/131.0.0.0 Safari/537.36"
13:02:34.007 request_id=GAy9WroVoQ_iTjEAAAjh [info] GET request to / by User: anonymous at 2024-11-30 12:02:33.997777Z was successful.
Status: 200

13:02:34.007 request_id=GAy9WroVoQ_iTjEAAAjh [info] Sent 200 in 10ms
13:02:34.585 request_id=GAy9Wt0lgX3dCn0AAA5E [info] GET /dev/mailbox/6fb2d2afd8fe865972af6181a880c740/html
13:02:34.586 request_id=GAy9Wt0lgX3dCn0AAA5E [info] GET request to /dev/mailbox/6fb2d2afd8fe865972af6181a880c740/html by User: anonymous at 2024-11-30 12:02:34.585969Z
13:02:34.589 request_id=GAy9Wt0lgX3dCn0AAA5E [info] User agent: "Mozilla/5.0 (Windows NT 10.0; Win64; x64) AppleWebKit/537.36 (KHTML, like Gecko) Chrome/131.0.0.0 Safari/537.36"
13:02:34.590 request_id=GAy9Wt0lgX3dCn0AAA5E [info] GET request to /dev/mailbox/6fb2d2afd8fe865972af6181a880c740/html by User: anonymous at 2024-11-30 12:02:34.585969Z was successful.
Status: 200

13:02:34.590 request_id=GAy9Wt0lgX3dCn0AAA5E [info] Sent 200 in 4ms
13:02:35.448 [info] CONNECTED TO Phoenix.LiveView.Socket in 206µs
  Transport: :websocket
  Serializer: Phoenix.Socket.V2.JSONSerializer
  Parameters: %{"_csrf_token" => "FBEBPDUnKy5eCxkOPhIQPztYSG04Qk4qEvIKSwQLlNxkzjIuV112pv7F", "_live_referer" => "undefined", "_mounts" => "0", "_track_static" => %{"0" => "http://localhost:4000/assets/app.css", "1" => "http://localhost:4000/assets/app.js"}, "vsn" => "2.0.0"}
13:02:40.937 request_id=GAy9XFfBm6X5E60AAAai [info] GET /dev/mailbox/6fb2d2afd8fe865972af6181a880c740
13:02:40.937 request_id=GAy9XFfBm6X5E60AAAai [info] GET request to /dev/mailbox/6fb2d2afd8fe865972af6181a880c740 by User: anonymous at 2024-11-30 12:02:40.937963Z
13:02:40.941 request_id=GAy9XFfBm6X5E60AAAai [info] User agent: "Mozilla/5.0 (Windows NT 10.0; Win64; x64) AppleWebKit/537.36 (KHTML, like Gecko) Chrome/131.0.0.0 Safari/537.36"
13:02:40.942 request_id=GAy9XFfBm6X5E60AAAai [info] GET request to /dev/mailbox/6fb2d2afd8fe865972af6181a880c740 by User: anonymous at 2024-11-30 12:02:40.937963Z was successful.
Status: 200

13:02:40.942 request_id=GAy9XFfBm6X5E60AAAai [info] Sent 200 in 4ms
13:02:41.457 request_id=GAy9XHa5zJB097UAAA5k [info] GET /dev/mailbox/6fb2d2afd8fe865972af6181a880c740/html
13:02:41.457 request_id=GAy9XHa5zJB097UAAA5k [info] GET request to /dev/mailbox/6fb2d2afd8fe865972af6181a880c740/html by User: anonymous at 2024-11-30 12:02:41.457634Z
13:02:41.461 request_id=GAy9XHa5zJB097UAAA5k [info] User agent: "Mozilla/5.0 (Windows NT 10.0; Win64; x64) AppleWebKit/537.36 (KHTML, like Gecko) Chrome/131.0.0.0 Safari/537.36"
13:02:41.462 request_id=GAy9XHa5zJB097UAAA5k [info] GET request to /dev/mailbox/6fb2d2afd8fe865972af6181a880c740/html by User: anonymous at 2024-11-30 12:02:41.457634Z was successful.
Status: 200

13:02:41.462 request_id=GAy9XHa5zJB097UAAA5k [info] Sent 200 in 5ms
13:02:42.725 request_id=GAy9XMJVEkpvvPEAAAoj [info] GET /dev/mailbox/3ec74bbe97967d057b026c694f073403
13:02:42.725 request_id=GAy9XMJVEkpvvPEAAAoj [info] GET request to /dev/mailbox/3ec74bbe97967d057b026c694f073403 by User: anonymous at 2024-11-30 12:02:42.725955Z
13:02:42.729 request_id=GAy9XMJVEkpvvPEAAAoj [info] User agent: "Mozilla/5.0 (Windows NT 10.0; Win64; x64) AppleWebKit/537.36 (KHTML, like Gecko) Chrome/131.0.0.0 Safari/537.36"
13:02:42.729 request_id=GAy9XMJVEkpvvPEAAAoj [info] GET request to /dev/mailbox/3ec74bbe97967d057b026c694f073403 by User: anonymous at 2024-11-30 12:02:42.725955Z was successful.
Status: 200

13:02:42.729 request_id=GAy9XMJVEkpvvPEAAAoj [info] Sent 200 in 4ms
13:02:43.609 request_id=GAy9XPb6smdKLHwAAA6E [info] GET /dev/mailbox/3ec74bbe97967d057b026c694f073403/html
13:02:43.609 request_id=GAy9XPb6smdKLHwAAA6E [info] GET request to /dev/mailbox/3ec74bbe97967d057b026c694f073403/html by User: anonymous at 2024-11-30 12:02:43.609390Z
13:02:43.612 request_id=GAy9XPb6smdKLHwAAA6E [info] User agent: "Mozilla/5.0 (Windows NT 10.0; Win64; x64) AppleWebKit/537.36 (KHTML, like Gecko) Chrome/131.0.0.0 Safari/537.36"
13:02:43.613 request_id=GAy9XPb6smdKLHwAAA6E [info] GET request to /dev/mailbox/3ec74bbe97967d057b026c694f073403/html by User: anonymous at 2024-11-30 12:02:43.609390Z was successful.
Status: 200

13:02:43.613 request_id=GAy9XPb6smdKLHwAAA6E [info] Sent 200 in 4ms
13:02:45.602 request_id=GAy9XW3INE4ZHaMAAA6k [info] GET /dev/mailbox/3ec74bbe97967d057b026c694f073403
13:02:45.602 request_id=GAy9XW3INE4ZHaMAAA6k [info] GET request to /dev/mailbox/3ec74bbe97967d057b026c694f073403 by User: anonymous at 2024-11-30 12:02:45.602439Z
13:02:45.604 request_id=GAy9XW3INE4ZHaMAAA6k [info] User agent: "Mozilla/5.0 (Windows NT 10.0; Win64; x64) AppleWebKit/537.36 (KHTML, like Gecko) Chrome/131.0.0.0 Safari/537.36"
13:02:45.604 request_id=GAy9XW3INE4ZHaMAAA6k [info] GET request to /dev/mailbox/3ec74bbe97967d057b026c694f073403 by User: anonymous at 2024-11-30 12:02:45.602439Z was successful.
Status: 200

13:02:45.604 request_id=GAy9XW3INE4ZHaMAAA6k [info] Sent 200 in 2ms
13:02:46.142 request_id=GAy9XY31q3eS2gwAAAdm [info] GET /dev/mailbox/3ec74bbe97967d057b026c694f073403/html
13:02:46.142 request_id=GAy9XY31q3eS2gwAAAdm [info] GET request to /dev/mailbox/3ec74bbe97967d057b026c694f073403/html by User: anonymous at 2024-11-30 12:02:46.142325Z
13:02:46.145 request_id=GAy9XY31q3eS2gwAAAdm [info] User agent: "Mozilla/5.0 (Windows NT 10.0; Win64; x64) AppleWebKit/537.36 (KHTML, like Gecko) Chrome/131.0.0.0 Safari/537.36"
13:02:46.146 request_id=GAy9XY31q3eS2gwAAAdm [info] GET request to /dev/mailbox/3ec74bbe97967d057b026c694f073403/html by User: anonymous at 2024-11-30 12:02:46.142325Z was successful.
Status: 200

13:02:46.146 request_id=GAy9XY31q3eS2gwAAAdm [info] Sent 200 in 4ms
13:03:08.849 request_id=GAy9YtdmGBfk9KwAAApD [info] GET /auth/reset_password/02ebfd4e-57ab-44ab-99af-5ede2b13d1a5
13:03:08.849 request_id=GAy9YtdmGBfk9KwAAApD [info] GET request to /auth/reset_password/02ebfd4e-57ab-44ab-99af-5ede2b13d1a5 by User: anonymous at 2024-11-30 12:03:08.849269Z
13:03:08.853 request_id=GAy9YtdmGBfk9KwAAApD [info] User agent: "Mozilla/5.0 (Windows NT 10.0; Win64; x64) AppleWebKit/537.36 (KHTML, like Gecko) Chrome/131.0.0.0 Safari/537.36"
13:03:08.859 request_id=GAy9YtdmGBfk9KwAAApD [info] GET request to /auth/reset_password/02ebfd4e-57ab-44ab-99af-5ede2b13d1a5 by User: anonymous at 2024-11-30 12:03:08.849269Z was successful.
Status: 302

13:03:08.860 request_id=GAy9YtdmGBfk9KwAAApD [info] Sent 302 in 10ms
13:03:08.929 request_id=GAy9YtwvxW38AQ8AAA7E [info] GET /
13:03:08.929 request_id=GAy9YtwvxW38AQ8AAA7E [info] GET request to / by User: anonymous at 2024-11-30 12:03:08.929570Z
13:03:08.933 request_id=GAy9YtwvxW38AQ8AAA7E [info] User agent: "Mozilla/5.0 (Windows NT 10.0; Win64; x64) AppleWebKit/537.36 (KHTML, like Gecko) Chrome/131.0.0.0 Safari/537.36"
13:03:08.936 request_id=GAy9YtwvxW38AQ8AAA7E [info] GET request to / by User: anonymous at 2024-11-30 12:03:08.929570Z was successful.
Status: 200

13:03:08.936 request_id=GAy9YtwvxW38AQ8AAA7E [info] Sent 200 in 6ms
13:03:10.170 [info] CONNECTED TO Phoenix.LiveView.Socket in 151µs
  Transport: :websocket
  Serializer: Phoenix.Socket.V2.JSONSerializer
  Parameters: %{"_csrf_token" => "PiQZOy5lTxNXN1IMMTNrDTkOOycaVQkqoCQLH55qer3iuK2GTgBxRapF", "_live_referer" => "undefined", "_mounts" => "0", "_track_static" => %{"0" => "http://localhost:4000/assets/app.css", "1" => "http://localhost:4000/assets/app.js"}, "vsn" => "2.0.0"}
13:03:13.337 request_id=GAy9Y-LqT4MDNyAAAA8E [info] GET /dev/mailbox/122def7bbf1190519ee47f8040df5fd5
13:03:13.337 request_id=GAy9Y-LqT4MDNyAAAA8E [info] GET request to /dev/mailbox/122def7bbf1190519ee47f8040df5fd5 by User: anonymous at 2024-11-30 12:03:13.337454Z
13:03:13.340 request_id=GAy9Y-LqT4MDNyAAAA8E [info] User agent: "Mozilla/5.0 (Windows NT 10.0; Win64; x64) AppleWebKit/537.36 (KHTML, like Gecko) Chrome/131.0.0.0 Safari/537.36"
13:03:13.340 request_id=GAy9Y-LqT4MDNyAAAA8E [info] GET request to /dev/mailbox/122def7bbf1190519ee47f8040df5fd5 by User: anonymous at 2024-11-30 12:03:13.337454Z was successful.
Status: 200

13:03:13.341 request_id=GAy9Y-LqT4MDNyAAAA8E [info] Sent 200 in 3ms
13:03:13.754 request_id=GAy9Y_vDgDSBWSgAAA8k [info] GET /dev/mailbox/122def7bbf1190519ee47f8040df5fd5/html
13:03:13.754 request_id=GAy9Y_vDgDSBWSgAAA8k [info] GET request to /dev/mailbox/122def7bbf1190519ee47f8040df5fd5/html by User: anonymous at 2024-11-30 12:03:13.754346Z
13:03:13.757 request_id=GAy9Y_vDgDSBWSgAAA8k [info] User agent: "Mozilla/5.0 (Windows NT 10.0; Win64; x64) AppleWebKit/537.36 (KHTML, like Gecko) Chrome/131.0.0.0 Safari/537.36"
13:03:13.759 request_id=GAy9Y_vDgDSBWSgAAA8k [info] GET request to /dev/mailbox/122def7bbf1190519ee47f8040df5fd5/html by User: anonymous at 2024-11-30 12:03:13.754346Z was successful.
Status: 200

13:03:13.759 request_id=GAy9Y_vDgDSBWSgAAA8k [info] Sent 200 in 5ms
13:03:19.435 request_id=GAy9ZU5fFn5b82YAAAfi [info] GET /dev/mailbox/6fb2d2afd8fe865972af6181a880c740
13:03:19.435 request_id=GAy9ZU5fFn5b82YAAAfi [info] GET request to /dev/mailbox/6fb2d2afd8fe865972af6181a880c740 by User: anonymous at 2024-11-30 12:03:19.435247Z
13:03:19.437 request_id=GAy9ZU5fFn5b82YAAAfi [info] User agent: "Mozilla/5.0 (Windows NT 10.0; Win64; x64) AppleWebKit/537.36 (KHTML, like Gecko) Chrome/131.0.0.0 Safari/537.36"
13:03:19.438 request_id=GAy9ZU5fFn5b82YAAAfi [info] GET request to /dev/mailbox/6fb2d2afd8fe865972af6181a880c740 by User: anonymous at 2024-11-30 12:03:19.435247Z was successful.
Status: 200

13:03:19.438 request_id=GAy9ZU5fFn5b82YAAAfi [info] Sent 200 in 3ms
13:03:19.871 request_id=GAy9ZWhmDVS5ahoAAA9k [info] GET /dev/mailbox/6fb2d2afd8fe865972af6181a880c740/html
13:03:19.871 request_id=GAy9ZWhmDVS5ahoAAA9k [info] GET request to /dev/mailbox/6fb2d2afd8fe865972af6181a880c740/html by User: anonymous at 2024-11-30 12:03:19.871944Z
13:03:19.875 request_id=GAy9ZWhmDVS5ahoAAA9k [info] User agent: "Mozilla/5.0 (Windows NT 10.0; Win64; x64) AppleWebKit/537.36 (KHTML, like Gecko) Chrome/131.0.0.0 Safari/537.36"
13:03:19.875 request_id=GAy9ZWhmDVS5ahoAAA9k [info] GET request to /dev/mailbox/6fb2d2afd8fe865972af6181a880c740/html by User: anonymous at 2024-11-30 12:03:19.871944Z was successful.
Status: 200

13:03:19.875 request_id=GAy9ZWhmDVS5ahoAAA9k [info] Sent 200 in 3ms
13:03:21.642 request_id=GAy9ZdHt4Jii264AAA-E [info] GET /dev/mailbox/3ec74bbe97967d057b026c694f073403
13:03:21.642 request_id=GAy9ZdHt4Jii264AAA-E [info] GET request to /dev/mailbox/3ec74bbe97967d057b026c694f073403 by User: anonymous at 2024-11-30 12:03:21.642372Z
13:03:21.646 request_id=GAy9ZdHt4Jii264AAA-E [info] User agent: "Mozilla/5.0 (Windows NT 10.0; Win64; x64) AppleWebKit/537.36 (KHTML, like Gecko) Chrome/131.0.0.0 Safari/537.36"
13:03:21.646 request_id=GAy9ZdHt4Jii264AAA-E [info] GET request to /dev/mailbox/3ec74bbe97967d057b026c694f073403 by User: anonymous at 2024-11-30 12:03:21.642372Z was successful.
Status: 200

13:03:21.646 request_id=GAy9ZdHt4Jii264AAA-E [info] Sent 200 in 4ms
13:03:22.135 request_id=GAy9Ze9ZNmV0o3AAAA-k [info] GET /dev/mailbox/3ec74bbe97967d057b026c694f073403/html
13:03:22.135 request_id=GAy9Ze9ZNmV0o3AAAA-k [info] GET request to /dev/mailbox/3ec74bbe97967d057b026c694f073403/html by User: anonymous at 2024-11-30 12:03:22.135940Z
13:03:22.139 request_id=GAy9Ze9ZNmV0o3AAAA-k [info] User agent: "Mozilla/5.0 (Windows NT 10.0; Win64; x64) AppleWebKit/537.36 (KHTML, like Gecko) Chrome/131.0.0.0 Safari/537.36"
13:03:22.139 request_id=GAy9Ze9ZNmV0o3AAAA-k [info] GET request to /dev/mailbox/3ec74bbe97967d057b026c694f073403/html by User: anonymous at 2024-11-30 12:03:22.135940Z was successful.
Status: 200

13:03:22.139 request_id=GAy9Ze9ZNmV0o3AAAA-k [info] Sent 200 in 4ms
13:05:03.485 request_id=GAy9fYhEtPsIkCIAAA_k [info] GET /
13:05:03.485 request_id=GAy9fYhEtPsIkCIAAA_k [info] GET request to / by User: anonymous at 2024-11-30 12:05:03.485811Z
13:05:03.490 request_id=GAy9fYhEtPsIkCIAAA_k [info] User agent: "Mozilla/5.0 (Windows NT 10.0; Win64; x64) AppleWebKit/537.36 (KHTML, like Gecko) Chrome/131.0.0.0 Safari/537.36"
13:05:03.496 request_id=GAy9fYhEtPsIkCIAAA_k [info] GET request to / by User: anonymous at 2024-11-30 12:05:03.485811Z was successful.
Status: 200

13:05:03.496 request_id=GAy9fYhEtPsIkCIAAA_k [info] Sent 200 in 11ms
13:05:03.613 request_id=GAy9fY_rKaa221UAAAtD [info] GET /dev/mailbox/3ec74bbe97967d057b026c694f073403
13:05:03.614 request_id=GAy9fY_rKaa221UAAAtD [info] GET request to /dev/mailbox/3ec74bbe97967d057b026c694f073403 by User: anonymous at 2024-11-30 12:05:03.614134Z
13:05:03.614 request_id=GAy9fY_rKaa221UAAAtD [info] User agent: "Mozilla/5.0 (Windows NT 10.0; Win64; x64) AppleWebKit/537.36 (KHTML, like Gecko) Chrome/131.0.0.0 Safari/537.36"
13:05:03.614 request_id=GAy9fY_rKaa221UAAAtD [info] GET request to /dev/mailbox/3ec74bbe97967d057b026c694f073403 by User: anonymous at 2024-11-30 12:05:03.614134Z was successful.
Status: 200

13:05:03.614 request_id=GAy9fY_rKaa221UAAAtD [info] Sent 200 in 933µs
13:05:03.780 request_id=GAy9fZnf62pfDg0AAAqB [info] GET /
13:05:03.781 request_id=GAy9fZnf62pfDg0AAAqB [info] GET request to / by User: anonymous at 2024-11-30 12:05:03.781190Z
13:05:03.785 request_id=GAy9fZnf62pfDg0AAAqB [info] User agent: "Mozilla/5.0 (Windows NT 10.0; Win64; x64) AppleWebKit/537.36 (KHTML, like Gecko) Chrome/131.0.0.0 Safari/537.36"
13:05:03.790 request_id=GAy9fZnf62pfDg0AAAqB [info] GET request to / by User: anonymous at 2024-11-30 12:05:03.781190Z was successful.
Status: 200

13:05:03.790 request_id=GAy9fZnf62pfDg0AAAqB [info] Sent 200 in 9ms
13:05:05.330 [info] CONNECTED TO Phoenix.LiveView.Socket in 62µs
  Transport: :websocket
  Serializer: Phoenix.Socket.V2.JSONSerializer
  Parameters: %{"_csrf_token" => "Ei4vARYEDjYKLRsPMRw4CxQMHHJ4Y08DCIgvpTtT8hzjudaAyee-0W6o", "_live_referer" => "undefined", "_mounts" => "0", "_track_static" => %{"0" => "http://localhost:4000/assets/app.css", "1" => "http://localhost:4000/assets/app.js"}, "vsn" => "2.0.0"}
13:05:05.552 request_id=GAy9fgN3eN0v1xMAAArB [info] GET /dev/mailbox/3ec74bbe97967d057b026c694f073403/html
13:05:05.552 request_id=GAy9fgN3eN0v1xMAAArB [info] GET request to /dev/mailbox/3ec74bbe97967d057b026c694f073403/html by User: anonymous at 2024-11-30 12:05:05.552795Z
13:05:05.578 request_id=GAy9fgN3eN0v1xMAAArB [info] User agent: "Mozilla/5.0 (Windows NT 10.0; Win64; x64) AppleWebKit/537.36 (KHTML, like Gecko) Chrome/131.0.0.0 Safari/537.36"
13:05:05.578 request_id=GAy9fgN3eN0v1xMAAArB [info] GET request to /dev/mailbox/3ec74bbe97967d057b026c694f073403/html by User: anonymous at 2024-11-30 12:05:05.552795Z was successful.
Status: 200

13:05:05.579 request_id=GAy9fgN3eN0v1xMAAArB [info] Sent 200 in 26ms
13:05:05.698 [info] CONNECTED TO Phoenix.LiveView.Socket in 102µs
  Transport: :websocket
  Serializer: Phoenix.Socket.V2.JSONSerializer
  Parameters: %{"_csrf_token" => "AjB7TiA7FAxVMSQfNhE4eSsvIBgtfhQ_SW39FknngtEzria3FFYGeJmS", "_live_referer" => "undefined", "_mounts" => "0", "_track_static" => %{"0" => "http://localhost:4000/assets/app.css", "1" => "http://localhost:4000/assets/app.js"}, "vsn" => "2.0.0"}
13:05:14.939 request_id=GAy9gDL4UHbK7t4AABBE [info] GET /auth/log_in
13:05:14.939 request_id=GAy9gDL4UHbK7t4AABBE [info] GET request to /auth/log_in by User: anonymous at 2024-11-30 12:05:14.939591Z
13:05:14.941 request_id=GAy9gDL4UHbK7t4AABBE [info] User agent: "Mozilla/5.0 (Windows NT 10.0; Win64; x64) AppleWebKit/537.36 (KHTML, like Gecko) Chrome/131.0.0.0 Safari/537.36"
13:05:14.947 request_id=GAy9gDL4UHbK7t4AABBE [info] GET request to /auth/log_in by User: anonymous at 2024-11-30 12:05:14.939591Z was successful.
Status: 200

13:05:14.947 request_id=GAy9gDL4UHbK7t4AABBE [info] Sent 200 in 8ms
13:05:15.863 [info] CONNECTED TO Phoenix.LiveView.Socket in 72µs
  Transport: :websocket
  Serializer: Phoenix.Socket.V2.JSONSerializer
  Parameters: %{"_csrf_token" => "OjUyOQcxEwBZBhA8MTQTBQUNEzwqUTUNkRzNaaibkCqYuLJOhdjcbeLa", "_live_referer" => "undefined", "_mounts" => "0", "_track_static" => %{"0" => "http://localhost:4000/assets/app.css", "1" => "http://localhost:4000/assets/app.js"}, "vsn" => "2.0.0"}
13:05:17.090 request_id=GAy9gLMzdchZH40AABCE [info] GET /auth/reset_password
13:05:17.090 request_id=GAy9gLMzdchZH40AABCE [info] GET request to /auth/reset_password by User: anonymous at 2024-11-30 12:05:17.090912Z
13:05:17.093 request_id=GAy9gLMzdchZH40AABCE [info] User agent: "Mozilla/5.0 (Windows NT 10.0; Win64; x64) AppleWebKit/537.36 (KHTML, like Gecko) Chrome/131.0.0.0 Safari/537.36"
13:05:17.099 request_id=GAy9gLMzdchZH40AABCE [info] GET request to /auth/reset_password by User: anonymous at 2024-11-30 12:05:17.090912Z was successful.
Status: 200

13:05:17.100 request_id=GAy9gLMzdchZH40AABCE [info] Sent 200 in 9ms
13:05:18.029 [info] CONNECTED TO Phoenix.LiveView.Socket in 338µs
  Transport: :websocket
  Serializer: Phoenix.Socket.V2.JSONSerializer
  Parameters: %{"_csrf_token" => "MA45RRElNzp3KABSdTw_JFlbMgUrDR4Yaiq2wuMXEma71Dfn42KZc9gt", "_live_referer" => "undefined", "_mounts" => "0", "_track_static" => %{"0" => "http://localhost:4000/assets/app.css", "1" => "http://localhost:4000/assets/app.js"}, "vsn" => "2.0.0"}
13:05:24.911 [info] TLS :client: In state :wait_cert_cr at ssl_handshake.erl:2113 generated CLIENT ALERT: Fatal - Handshake Failure
 - {:bad_cert, :hostname_check_failed}
13:05:24.912 [warning] Ignoring https://fonts.googleapis.com/css2?family=IBM+Plex+Sans:wght@100;200;300;400;500;600;700&display=swap styles because of unexpected error from Premailex.HTTPAdapter.Httpc:

{:failed_connect, [{:to_address, {'fonts.googleapis.com', 443}}, {:inet, [:inet], {:tls_alert, {:handshake_failure, 'TLS client: In state wait_cert_cr at ssl_handshake.erl:2113 generated CLIENT ALERT: Fatal - Handshake Failure\n {bad_cert,hostname_check_failed}'}}}]}
13:05:25.010 request_id=GAy9gos-BKgobRgAABDE [info] GET /
13:05:25.010 request_id=GAy9gos-BKgobRgAABDE [info] GET request to / by User: anonymous at 2024-11-30 12:05:25.010488Z
13:05:25.016 request_id=GAy9gos-BKgobRgAABDE [info] User agent: "Mozilla/5.0 (Windows NT 10.0; Win64; x64) AppleWebKit/537.36 (KHTML, like Gecko) Chrome/131.0.0.0 Safari/537.36"
13:05:25.019 request_id=GAy9gos-BKgobRgAABDE [info] GET request to / by User: anonymous at 2024-11-30 12:05:25.010488Z was successful.
Status: 200

13:05:25.019 request_id=GAy9gos-BKgobRgAABDE [info] Sent 200 in 9ms
13:05:25.978 [info] CONNECTED TO Phoenix.LiveView.Socket in 100µs
  Transport: :websocket
  Serializer: Phoenix.Socket.V2.JSONSerializer
  Parameters: %{"_csrf_token" => "Fg8XA1Q4CBJQM1Y8CjQ7HSMxCwB6UCgcGh_t2hrpbv7YNLbWNXr_2dQp", "_live_referer" => "undefined", "_mounts" => "0", "_track_static" => %{"0" => "http://localhost:4000/assets/app.css", "1" => "http://localhost:4000/assets/app.js"}, "vsn" => "2.0.0"}
13:05:30.018 request_id=GAy9g7XAyC-GdbsAAAxD [info] GET /dev/mailbox/3ec74bbe97967d057b026c694f073403
13:05:30.018 request_id=GAy9g7XAyC-GdbsAAAxD [info] GET request to /dev/mailbox/3ec74bbe97967d057b026c694f073403 by User: anonymous at 2024-11-30 12:05:30.018657Z
13:05:30.022 request_id=GAy9g7XAyC-GdbsAAAxD [info] User agent: "Mozilla/5.0 (Windows NT 10.0; Win64; x64) AppleWebKit/537.36 (KHTML, like Gecko) Chrome/131.0.0.0 Safari/537.36"
13:05:30.023 request_id=GAy9g7XAyC-GdbsAAAxD [info] GET request to /dev/mailbox/3ec74bbe97967d057b026c694f073403 by User: anonymous at 2024-11-30 12:05:30.018657Z was successful.
Status: 200

13:05:30.024 request_id=GAy9g7XAyC-GdbsAAAxD [info] Sent 200 in 5ms
13:05:30.858 request_id=GAy9g-fYAd8Q2RoAAAfG [info] GET /dev/mailbox/3ec74bbe97967d057b026c694f073403/html
13:05:30.859 request_id=GAy9g-fYAd8Q2RoAAAfG [info] GET request to /dev/mailbox/3ec74bbe97967d057b026c694f073403/html by User: anonymous at 2024-11-30 12:05:30.859047Z
13:05:30.862 request_id=GAy9g-fYAd8Q2RoAAAfG [info] User agent: "Mozilla/5.0 (Windows NT 10.0; Win64; x64) AppleWebKit/537.36 (KHTML, like Gecko) Chrome/131.0.0.0 Safari/537.36"
13:05:30.863 request_id=GAy9g-fYAd8Q2RoAAAfG [info] GET request to /dev/mailbox/3ec74bbe97967d057b026c694f073403/html by User: anonymous at 2024-11-30 12:05:30.859047Z was successful.
Status: 200

13:05:30.863 request_id=GAy9g-fYAd8Q2RoAAAfG [info] Sent 200 in 4ms
13:05:31.885 request_id=GAy9hCUMbIZTjQQAAAkl [info] GET /dev/mailbox/d63341abcec399b19a58a683319e9950
13:05:31.885 request_id=GAy9hCUMbIZTjQQAAAkl [info] GET request to /dev/mailbox/d63341abcec399b19a58a683319e9950 by User: anonymous at 2024-11-30 12:05:31.885936Z
13:05:31.889 request_id=GAy9hCUMbIZTjQQAAAkl [info] User agent: "Mozilla/5.0 (Windows NT 10.0; Win64; x64) AppleWebKit/537.36 (KHTML, like Gecko) Chrome/131.0.0.0 Safari/537.36"
13:05:31.890 request_id=GAy9hCUMbIZTjQQAAAkl [info] GET request to /dev/mailbox/d63341abcec399b19a58a683319e9950 by User: anonymous at 2024-11-30 12:05:31.885936Z was successful.
Status: 200

13:05:31.890 request_id=GAy9hCUMbIZTjQQAAAkl [info] Sent 200 in 4ms
13:05:32.531 request_id=GAy9hEuGpmI-47MAAAyD [info] GET /dev/mailbox/d63341abcec399b19a58a683319e9950/html
13:05:32.531 request_id=GAy9hEuGpmI-47MAAAyD [info] GET request to /dev/mailbox/d63341abcec399b19a58a683319e9950/html by User: anonymous at 2024-11-30 12:05:32.531450Z
13:05:32.535 request_id=GAy9hEuGpmI-47MAAAyD [info] User agent: "Mozilla/5.0 (Windows NT 10.0; Win64; x64) AppleWebKit/537.36 (KHTML, like Gecko) Chrome/131.0.0.0 Safari/537.36"
13:05:32.535 request_id=GAy9hEuGpmI-47MAAAyD [info] GET request to /dev/mailbox/d63341abcec399b19a58a683319e9950/html by User: anonymous at 2024-11-30 12:05:32.531450Z was successful.
Status: 200

13:05:32.535 request_id=GAy9hEuGpmI-47MAAAyD [info] Sent 200 in 4ms
13:05:36.876 request_id=GAy9hU6IaJj7qCQAAAfm [info] GET /auth/reset_password/02ebfd4e-57ab-44ab-99af-5ede2b13d1a5
13:05:36.876 request_id=GAy9hU6IaJj7qCQAAAfm [info] GET request to /auth/reset_password/02ebfd4e-57ab-44ab-99af-5ede2b13d1a5 by User: anonymous at 2024-11-30 12:05:36.876851Z
13:05:36.879 request_id=GAy9hU6IaJj7qCQAAAfm [info] User agent: "Mozilla/5.0 (Windows NT 10.0; Win64; x64) AppleWebKit/537.36 (KHTML, like Gecko) Chrome/131.0.0.0 Safari/537.36"
13:05:36.886 request_id=GAy9hU6IaJj7qCQAAAfm [info] GET request to /auth/reset_password/02ebfd4e-57ab-44ab-99af-5ede2b13d1a5 by User: anonymous at 2024-11-30 12:05:36.876851Z was successful.
Status: 302

13:05:36.886 request_id=GAy9hU6IaJj7qCQAAAfm [info] Sent 302 in 10ms
13:05:36.959 request_id=GAy9hVN4Jzj3kD0AAAyj [info] GET /
13:05:36.959 request_id=GAy9hVN4Jzj3kD0AAAyj [info] GET request to / by User: anonymous at 2024-11-30 12:05:36.959675Z
13:05:36.962 request_id=GAy9hVN4Jzj3kD0AAAyj [info] User agent: "Mozilla/5.0 (Windows NT 10.0; Win64; x64) AppleWebKit/537.36 (KHTML, like Gecko) Chrome/131.0.0.0 Safari/537.36"
13:05:36.965 request_id=GAy9hVN4Jzj3kD0AAAyj [info] GET request to / by User: anonymous at 2024-11-30 12:05:36.959675Z was successful.
Status: 200

13:05:36.966 request_id=GAy9hVN4Jzj3kD0AAAyj [info] Sent 200 in 6ms
13:05:37.887 [info] CONNECTED TO Phoenix.LiveView.Socket in 123µs
  Transport: :websocket
  Serializer: Phoenix.Socket.V2.JSONSerializer
  Parameters: %{"_csrf_token" => "YAt_Ax4EETdTLzs2FT1rP1UjCx0qWxod1l7txTkUajZSQE2u8JrBbocq", "_live_referer" => "undefined", "_mounts" => "0", "_track_static" => %{"0" => "http://localhost:4000/assets/app.css", "1" => "http://localhost:4000/assets/app.js"}, "vsn" => "2.0.0"}
13:06:21.412 request_id=GAy9j60NdxehSasAAAzj [info] GET /
13:06:21.412 request_id=GAy9j60NdxehSasAAAzj [info] GET request to / by User: anonymous at 2024-11-30 12:06:21.412293Z
13:06:21.412 request_id=GAy9j60NdxehSasAAAzj [info] User agent: "Mozilla/5.0 (Windows NT 10.0; Win64; x64) AppleWebKit/537.36 (KHTML, like Gecko) Chrome/131.0.0.0 Safari/537.36"
13:06:21.418 request_id=GAy9j60NdxehSasAAAzj [info] GET request to / by User: anonymous at 2024-11-30 12:06:21.412293Z was successful.
Status: 200

13:06:21.418 request_id=GAy9j60NdxehSasAAAzj [info] Sent 200 in 6ms
13:06:21.532 request_id=GAy9j7Q9Dp8Z_agAAA0j [info] GET /dev/mailbox/d63341abcec399b19a58a683319e9950
13:06:21.532 request_id=GAy9j7Q9Dp8Z_agAAA0j [info] GET request to /dev/mailbox/d63341abcec399b19a58a683319e9950 by User: anonymous at 2024-11-30 12:06:21.532895Z
13:06:21.540 request_id=GAy9j7Q9Dp8Z_agAAA0j [info] User agent: "Mozilla/5.0 (Windows NT 10.0; Win64; x64) AppleWebKit/537.36 (KHTML, like Gecko) Chrome/131.0.0.0 Safari/537.36"
13:06:21.543 request_id=GAy9j7Q9Dp8Z_agAAA0j [info] GET request to /dev/mailbox/d63341abcec399b19a58a683319e9950 by User: anonymous at 2024-11-30 12:06:21.532895Z was successful.
Status: 200

13:06:21.543 request_id=GAy9j7Q9Dp8Z_agAAA0j [info] Sent 200 in 11ms
13:06:21.702 request_id=GAy9j75iqS4nR7AAAAhm [info] GET /
13:06:21.703 request_id=GAy9j75iqS4nR7AAAAhm [info] GET request to / by User: anonymous at 2024-11-30 12:06:21.703211Z
13:06:21.703 request_id=GAy9j75iqS4nR7AAAAhm [info] User agent: "Mozilla/5.0 (Windows NT 10.0; Win64; x64) AppleWebKit/537.36 (KHTML, like Gecko) Chrome/131.0.0.0 Safari/537.36"
13:06:21.708 request_id=GAy9j75iqS4nR7AAAAhm [info] GET request to / by User: anonymous at 2024-11-30 12:06:21.703211Z was successful.
Status: 200

13:06:21.708 request_id=GAy9j75iqS4nR7AAAAhm [info] Sent 200 in 5ms
13:06:23.715 request_id=GAy9kDZa6PboPI0AAAim [info] GET /dev/mailbox/d63341abcec399b19a58a683319e9950/html
13:06:23.715 request_id=GAy9kDZa6PboPI0AAAim [info] GET request to /dev/mailbox/d63341abcec399b19a58a683319e9950/html by User: anonymous at 2024-11-30 12:06:23.715910Z
13:06:23.716 request_id=GAy9kDZa6PboPI0AAAim [info] User agent: "Mozilla/5.0 (Windows NT 10.0; Win64; x64) AppleWebKit/537.36 (KHTML, like Gecko) Chrome/131.0.0.0 Safari/537.36"
13:06:23.716 request_id=GAy9kDZa6PboPI0AAAim [info] GET request to /dev/mailbox/d63341abcec399b19a58a683319e9950/html by User: anonymous at 2024-11-30 12:06:23.715910Z was successful.
Status: 200

13:06:23.716 request_id=GAy9kDZa6PboPI0AAAim [info] Sent 200 in 768µs
13:06:23.942 [info] CONNECTED TO Phoenix.LiveView.Socket in 144µs
  Transport: :websocket
  Serializer: Phoenix.Socket.V2.JSONSerializer
  Parameters: %{"_csrf_token" => "Bx8ADw4jOAhXByxXJjkMJQVZSTwPRzFVVxHxhsBjeBM2bAUoh00cGsH9", "_live_referer" => "undefined", "_mounts" => "0", "_track_static" => %{"0" => "http://localhost:4000/assets/app.css", "1" => "http://localhost:4000/assets/app.js"}, "vsn" => "2.0.0"}
13:06:24.541 [info] CONNECTED TO Phoenix.LiveView.Socket in 124µs
  Transport: :websocket
  Serializer: Phoenix.Socket.V2.JSONSerializer
  Parameters: %{"_csrf_token" => "Ig8QFBYiMhRnA1QUE006DwwGHh0qXg4VshXcprHvUF5qW5cEaogBbjwy", "_live_referer" => "undefined", "_mounts" => "0", "_track_static" => %{"0" => "http://localhost:4000/assets/app.css", "1" => "http://localhost:4000/assets/app.js"}, "vsn" => "2.0.0"}
